2026-04-26 03:58:32 UTC | App started
2026-04-26 03:58:32 UTC | Tracker initialized
2026-04-26 03:58:32 UTC | Session started
2026-04-26 03:58:32 UTC | Monitor: on
2026-04-26 03:59:12 UTC | Screen locked
2026-04-26 03:59:12 UTC | Session ended — today total: 1:42
2026-04-26 03:59:12 UTC | Screen locked
2026-04-26 03:59:12 UTC | Monitor: off
2026-04-26 14:26:37 UTC | Monitor: on
2026-04-26 14:26:50 UTC | Screen unlocked
2026-04-26 14:26:50 UTC | Screen unlocked
2026-04-26 14:41:27 UTC | Update found: 1.0.9 — downloading
2026-04-26 14:41:30 UTC | Update downloaded, restarting
2026-04-26 14:41:38 UTC | App started
2026-04-26 14:41:38 UTC | Tracker initialized
2026-04-26 14:41:38 UTC | Session started
2026-04-26 14:41:38 UTC | Monitor: on
2026-04-26 14:42:09 UTC | Log uploaded to GitHub
2026-04-26 15:12:09 UTC | Log uploaded to GitHub
2026-04-26 15:42:09 UTC | Log uploaded to GitHub
2026-04-26 16:12:09 UTC | Log uploaded to GitHub
2026-04-26 16:42:09 UTC | Log uploaded to GitHub
2026-04-26 16:42:40 UTC | Screen locked
2026-04-26 16:42:40 UTC | Session ended — today total: 2:01
2026-04-26 16:42:40 UTC | Screen locked
2026-04-26 16:42:40 UTC | Monitor: off
2026-04-26 16:49:57 UTC | Monitor: on
2026-04-26 16:50:03 UTC | Screen unlocked
2026-04-26 16:50:03 UTC | Screen unlocked
2026-04-26 17:05:25 UTC | Screen locked
2026-04-26 17:05:25 UTC | Screen locked
2026-04-26 17:05:25 UTC | Monitor: off
2026-04-26 17:36:25 UTC | Monitor: on
2026-04-26 17:36:40 UTC | Screen unlocked
2026-04-26 17:36:40 UTC | Screen unlocked
2026-04-26 17:50:16 UTC | Log uploaded to GitHub
2026-04-26 17:51:51 UTC | Screen locked
2026-04-26 17:51:51 UTC | Screen locked
2026-04-26 17:51:51 UTC | Monitor: off
2026-04-26 19:37:17 UTC | Monitor: on
2026-04-26 19:37:23 UTC | Screen unlocked
2026-04-26 19:37:23 UTC | Screen unlocked
2026-04-26 20:05:37 UTC | Log uploaded to GitHub
2026-04-26 20:07:56 UTC | Screen locked
2026-04-26 20:07:56 UTC | Screen locked
2026-04-26 20:07:57 UTC | Monitor: off
2026-04-26 22:30:03 UTC | Monitor: on
2026-04-26 22:30:07 UTC | Screen unlocked
2026-04-26 22:30:07 UTC | Screen unlocked
2026-04-26 22:45:39 UTC | Screen locked
2026-04-26 22:45:39 UTC | Screen locked
2026-04-26 22:45:39 UTC | Monitor: off
2026-04-27 00:25:20 UTC | Monitor: on
2026-04-27 00:25:22 UTC | Screen unlocked
2026-04-27 00:25:22 UTC | Screen unlocked
2026-04-27 00:37:13 UTC | Log uploaded to GitHub
2026-04-27 00:43:41 UTC | Monitor: dimmed
2026-04-27 00:43:41 UTC | Session started
2026-04-27 00:43:56 UTC | Monitor: off
2026-04-27 00:43:56 UTC | Session ended — today total: 2:01
2026-04-27 01:03:33 UTC | Monitor: on
2026-04-27 01:03:33 UTC | Session started
2026-04-27 01:07:13 UTC | Log uploaded to GitHub
